2019-03-21 16:44:50,633 [Worker-4] INFO  c.g.t.t.d.PublishedGradleVersions - Gradle version information cache is out-of-date. Trying to update.
2019-03-23 04:40:31,660 [main] WARN  o.e.r.i.c.rcp.TypeBindingAnalyzer - Can't handle class org.eclipse.jdt.internal.compiler.ast.BinaryExpression as parent of completion location.
2019-03-23 06:21:23,191 [main] WARN  o.e.r.i.c.rcp.TypeBindingAnalyzer - Can't handle class org.eclipse.jdt.internal.compiler.ast.IfStatement as parent of completion location.
2019-03-23 06:29:48,054 [main] WARN  o.e.r.i.c.rcp.TypeBindingAnalyzer - Can't handle class org.eclipse.jdt.internal.compiler.ast.WhileStatement as parent of completion location.
2019-03-23 06:31:07,202 [main] WARN  o.e.r.i.c.rcp.TypeBindingAnalyzer - Can't handle class org.eclipse.jdt.internal.compiler.ast.WhileStatement as parent of completion location.
2019-03-23 06:32:43,799 [main] WARN  o.e.r.i.c.rcp.TypeBindingAnalyzer - Can't handle class org.eclipse.jdt.internal.compiler.ast.IfStatement as parent of completion location.
2019-03-25 07:18:38,694 [main] WARN  o.e.r.i.c.rcp.TypeBindingAnalyzer - Can't handle class org.eclipse.jdt.internal.compiler.ast.IfStatement as parent of completion location.
<<<<<<< HEAD
<<<<<<< HEAD
2019-04-16 20:13:48,427 [Worker-1] INFO  c.g.t.t.d.PublishedGradleVersions - Gradle version information cache is up-to-date. Trying to read.
2019-04-17 21:01:11,852 [Worker-0] INFO  c.g.t.t.d.PublishedGradleVersions - Gradle version information cache is out-of-date. Trying to update.
2019-04-19 16:25:36,371 [Worker-3] INFO  c.g.t.t.d.PublishedGradleVersions - Gradle version information cache is out-of-date. Trying to update.
||||||| merged common ancestors
=======
2019-04-16 10:28:32,540 [Worker-4: Loading available Gradle versions] INFO  c.g.t.t.d.PublishedGradleVersions - Gradle version information cache is up-to-date. Trying to read.
>>>>>>> 5e2dc0c72c24ddb56eecfe9b7911d0410f156363
||||||| merged common ancestors
=======
2019-04-16 10:28:32,540 [Worker-4: Loading available Gradle versions] INFO  c.g.t.t.d.PublishedGradleVersions - Gradle version information cache is up-to-date. Trying to read.
>>>>>>> 7db14f79d48a70d1dd41e8fea6c515cf0cc64ecf
